<?xml version="1.0" encoding="UTF-8" ?>
<testsuite tests="7" failures="0" name="com.algo.maze.MazeBuilderTest" time="0.071" errors="0" skipped="0">
  <properties>
[...]
</properties>
  <testcase classname="com.algo.maze.MazeBuilderTest" name="mazeBuildFailWithNullLines" time="0.001"/>
  <testcase classname="com.algo.maze.MazeBuilderTest" name="mazzBuildOk" time="0.069"/>
  <testcase classname="com.algo.maze.MazeBuilderTest" name="mazeBuildFailWithInvalidStartPoint" time="0"/>
  <testcase classname="com.algo.maze.MazeBuilderTest" name="mazeBuildFailWithEmptyLines" time="0.001"/>
  <testcase classname="com.algo.maze.MazeBuilderTest" name="mazeBuildFailWithNullStartPoint" time="0"/>
  <testcase classname="com.algo.maze.MazeBuilderTest" name="mazeBuildFailWithNullEndPoint" time="0"/>
  <testcase classname="com.algo.maze.MazeBuilderTest" name="mazeBuildFailWithInvalidEndPoint" time="0"/>
</testsuite>